Generated at 2017-08-08 05:11:47 -0400
SystemExit: exit
/opt/chef/embedded/lib/ruby/gems/2.4.0/gems/chef-13.2.20/lib/chef/application.rb:358:in `exit'
/opt/chef/embedded/lib/ruby/gems/2.4.0/gems/chef-13.2.20/lib/chef/application.rb:358:in `fatal!'
/opt/chef/embedded/lib/ruby/gems/2.4.0/gems/chef-13.2.20/lib/chef/application.rb:64:in `block in setup_signal_handlers'
/opt/chef/embedded/lib/ruby/gems/2.4.0/gems/chef-13.2.20/lib/chef/chef_fs/path_utils.rb:44:in `join'
/opt/chef/embedded/lib/ruby/gems/2.4.0/gems/chef-13.2.20/lib/chef/chef_fs/file_system/repository/chef_repository_file_system_cookbook_entry.rb:47:in `initialize'
/opt/chef/embedded/lib/ruby/gems/2.4.0/gems/chef-13.2.20/lib/chef/chef_fs/file_system/repository/chef_repository_file_system_cookbook_entry.rb:170:in `new'
/opt/chef/embedded/lib/ruby/gems/2.4.0/gems/chef-13.2.20/lib/chef/chef_fs/file_system/repository/chef_repository_file_system_cookbook_entry.rb:170:in `make_child_entry'
/opt/chef/embedded/lib/ruby/gems/2.4.0/gems/chef-13.2.20/lib/chef/chef_fs/file_system/repository/chef_repository_file_system_cookbook_entry.rb:56:in `block in children'
/opt/chef/embedded/lib/ruby/gems/2.4.0/gems/chef-13.2.20/lib/chef/chef_fs/file_system/repository/chef_repository_file_system_cookbook_entry.rb:56:in `map'
/opt/chef/embedded/lib/ruby/gems/2.4.0/gems/chef-13.2.20/lib/chef/chef_fs/file_system/repository/chef_repository_file_system_cookbook_entry.rb:56:in `children'
/opt/chef/embedded/lib/ruby/gems/2.4.0/gems/chef-13.2.20/lib/chef/chef_fs/file_system/repository/chef_repository_file_system_cookbook_entry.rb:58:in `block in children'
/opt/chef/embedded/lib/ruby/gems/2.4.0/gems/chef-13.2.20/lib/chef/chef_fs/file_system/repository/chef_repository_file_system_cookbook_entry.rb:58:in `select'
/opt/chef/embedded/lib/ruby/gems/2.4.0/gems/chef-13.2.20/lib/chef/chef_fs/file_system/repository/chef_repository_file_system_cookbook_entry.rb:58:in `children'
/opt/chef/embedded/lib/ruby/gems/2.4.0/gems/chef-13.2.20/lib/chef/chef_fs/file_system/repository/chef_repository_file_system_cookbook_entry.rb:58:in `block in children'
/opt/chef/embedded/lib/ruby/gems/2.4.0/gems/chef-13.2.20/lib/chef/chef_fs/file_system/repository/chef_repository_file_system_cookbook_entry.rb:58:in `select'
/opt/chef/embedded/lib/ruby/gems/2.4.0/gems/chef-13.2.20/lib/chef/chef_fs/file_system/repository/chef_repository_file_system_cookbook_entry.rb:58:in `children'
/opt/chef/embedded/lib/ruby/gems/2.4.0/gems/chef-13.2.20/lib/chef/chef_fs/file_system/repository/chef_repository_file_system_cookbook_entry.rb:58:in `block in children'
/opt/chef/embedded/lib/ruby/gems/2.4.0/gems/chef-13.2.20/lib/chef/chef_fs/file_system/repository/chef_repository_file_system_cookbook_entry.rb:58:in `select'
/opt/chef/embedded/lib/ruby/gems/2.4.0/gems/chef-13.2.20/lib/chef/chef_fs/file_system/repository/chef_repository_file_system_cookbook_entry.rb:58:in `children'
/opt/chef/embedded/lib/ruby/gems/2.4.0/gems/chef-13.2.20/lib/chef/chef_fs/file_system/repository/chef_repository_file_system_cookbook_entry.rb:58:in `block in children'
/opt/chef/embedded/lib/ruby/gems/2.4.0/gems/chef-13.2.20/lib/chef/chef_fs/file_system/repository/chef_repository_file_system_cookbook_entry.rb:58:in `select'
/opt/chef/embedded/lib/ruby/gems/2.4.0/gems/chef-13.2.20/lib/chef/chef_fs/file_system/repository/chef_repository_file_system_cookbook_entry.rb:58:in `children'
/opt/chef/embedded/lib/ruby/gems/2.4.0/gems/chef-13.2.20/lib/chef/chef_fs/file_system/repository/chef_repository_file_system_cookbook_entry.rb:58:in `block in children'
/opt/chef/embedded/lib/ruby/gems/2.4.0/gems/chef-13.2.20/lib/chef/chef_fs/file_system/repository/chef_repository_file_system_cookbook_entry.rb:58:in `select'
/opt/chef/embedded/lib/ruby/gems/2.4.0/gems/chef-13.2.20/lib/chef/chef_fs/file_system/repository/chef_repository_file_system_cookbook_entry.rb:58:in `children'
/opt/chef/embedded/lib/ruby/gems/2.4.0/gems/chef-13.2.20/lib/chef/chef_fs/file_system/repository/chef_repository_file_system_cookbook_entry.rb:58:in `block in children'
/opt/chef/embedded/lib/ruby/gems/2.4.0/gems/chef-13.2.20/lib/chef/chef_fs/file_system/repository/chef_repository_file_system_cookbook_entry.rb:58:in `select'
/opt/chef/embedded/lib/ruby/gems/2.4.0/gems/chef-13.2.20/lib/chef/chef_fs/file_system/repository/chef_repository_file_system_cookbook_entry.rb:58:in `children'
/opt/chef/embedded/lib/ruby/gems/2.4.0/gems/chef-13.2.20/lib/chef/chef_fs/file_system/repository/chef_repository_file_system_cookbook_entry.rb:58:in `block in children'
/opt/chef/embedded/lib/ruby/gems/2.4.0/gems/chef-13.2.20/lib/chef/chef_fs/file_system/repository/chef_repository_file_system_cookbook_entry.rb:58:in `select'
/opt/chef/embedded/lib/ruby/gems/2.4.0/gems/chef-13.2.20/lib/chef/chef_fs/file_system/repository/chef_repository_file_system_cookbook_entry.rb:58:in `children'
/opt/chef/embedded/lib/ruby/gems/2.4.0/gems/chef-13.2.20/lib/chef/chef_fs/file_system/repository/chef_repository_file_system_cookbook_entry.rb:58:in `block in children'
/opt/chef/embedded/lib/ruby/gems/2.4.0/gems/chef-13.2.20/lib/chef/chef_fs/file_system/repository/chef_repository_file_system_cookbook_entry.rb:58:in `select'
/opt/chef/embedded/lib/ruby/gems/2.4.0/gems/chef-13.2.20/lib/chef/chef_fs/file_system/repository/chef_repository_file_system_cookbook_entry.rb:58:in `children'
/opt/chef/embedded/lib/ruby/gems/2.4.0/gems/chef-13.2.20/lib/chef/chef_fs/file_system/repository/chef_repository_file_system_cookbook_dir.rb:96:in `block in children'
/opt/chef/embedded/lib/ruby/gems/2.4.0/gems/chef-13.2.20/lib/chef/chef_fs/file_system/repository/chef_repository_file_system_cookbook_dir.rb:96:in `select'
/opt/chef/embedded/lib/ruby/gems/2.4.0/gems/chef-13.2.20/lib/chef/chef_fs/file_system/repository/chef_repository_file_system_cookbook_dir.rb:96:in `children'
/opt/chef/embedded/lib/ruby/gems/2.4.0/gems/chef-13.2.20/lib/chef/chef_fs/file_system/repository/chef_repository_file_system_cookbook_dir.rb:125:in `can_upload?'
/opt/chef/embedded/lib/ruby/gems/2.4.0/gems/chef-13.2.20/lib/chef/chef_fs/file_system/repository/chef_repository_file_system_cookbook_dir.rb:37:in `fs_entry_valid?'
/opt/chef/embedded/lib/ruby/gems/2.4.0/gems/chef-13.2.20/lib/chef/chef_fs/file_system/repository/directory.rb:76:in `block in children'
/opt/chef/embedded/lib/ruby/gems/2.4.0/gems/chef-13.2.20/lib/chef/chef_fs/file_system/repository/directory.rb:76:in `select'
/opt/chef/embedded/lib/ruby/gems/2.4.0/gems/chef-13.2.20/lib/chef/chef_fs/file_system/repository/directory.rb:76:in `children'
/opt/chef/embedded/lib/ruby/gems/2.4.0/gems/chef-13.2.20/lib/chef/chef_fs/file_system/multiplexed_dir.rb:24:in `block in children'
/opt/chef/embedded/lib/ruby/gems/2.4.0/gems/chef-13.2.20/lib/chef/chef_fs/file_system/multiplexed_dir.rb:23:in `each'
/opt/chef/embedded/lib/ruby/gems/2.4.0/gems/chef-13.2.20/lib/chef/chef_fs/file_system/multiplexed_dir.rb:23:in `children'
/opt/chef/embedded/lib/ruby/gems/2.4.0/gems/chef-13.2.20/lib/chef/chef_fs/chef_fs_data_store.rb:528:in `block in list'
/opt/chef/embedded/lib/ruby/gems/2.4.0/gems/chef-13.2.20/lib/chef/chef_fs/chef_fs_data_store.rb:786:in `with_entry'
/opt/chef/embedded/lib/ruby/gems/2.4.0/gems/chef-13.2.20/lib/chef/chef_fs/chef_fs_data_store.rb:520:in `list'
/opt/chef/embedded/lib/ruby/gems/2.4.0/gems/chef-zero-13.0.0/lib/chef_zero/data_store/v1_to_v2_adapter.rb:83:in `block in list'
/opt/chef/embedded/lib/ruby/gems/2.4.0/gems/chef-zero-13.0.0/lib/chef_zero/data_store/v1_to_v2_adapter.rb:113:in `fix_exceptions'
/opt/chef/embedded/lib/ruby/gems/2.4.0/gems/chef-zero-13.0.0/lib/chef_zero/data_store/v1_to_v2_adapter.rb:82:in `list'
/opt/chef/embedded/lib/ruby/gems/2.4.0/gems/chef-zero-13.0.0/lib/chef_zero/rest_base.rb:97:in `list_data'
/opt/chef/embedded/lib/ruby/gems/2.4.0/gems/chef-zero-13.0.0/lib/chef_zero/endpoints/environment_cookbook_versions_endpoint.rb:11:in `post'
/opt/chef/embedded/lib/ruby/gems/2.4.0/gems/chef-zero-13.0.0/lib/chef_zero/rest_base.rb:59:in `call'
/opt/chef/embedded/lib/ruby/gems/2.4.0/gems/chef-zero-13.0.0/lib/chef_zero/rest_router.rb:24:in `call'
/opt/chef/embedded/lib/ruby/gems/2.4.0/gems/chef-zero-13.0.0/lib/chef_zero/server.rb:663:in `block in app'
/opt/chef/embedded/lib/ruby/gems/2.4.0/gems/chef-zero-13.0.0/lib/chef_zero/server.rb:335:in `handle_socketless_request'
/opt/chef/embedded/lib/ruby/gems/2.4.0/gems/chef-zero-13.0.0/lib/chef_zero/socketless_server_map.rb:87:in `request'
/opt/chef/embedded/lib/ruby/gems/2.4.0/gems/chef-zero-13.0.0/lib/chef_zero/socketless_server_map.rb:33:in `request'
/opt/chef/embedded/lib/ruby/gems/2.4.0/gems/chef-13.2.20/lib/chef/http/socketless_chef_zero_client.rb:154:in `request'
/opt/chef/embedded/lib/ruby/gems/2.4.0/gems/chef-13.2.20/lib/chef/http.rb:375:in `block in send_http_request'
/opt/chef/embedded/lib/ruby/gems/2.4.0/gems/chef-13.2.20/lib/chef/http.rb:407:in `block in retrying_http_errors'
/opt/chef/embedded/lib/ruby/gems/2.4.0/gems/chef-13.2.20/lib/chef/http.rb:405:in `loop'
/opt/chef/embedded/lib/ruby/gems/2.4.0/gems/chef-13.2.20/lib/chef/http.rb:405:in `retrying_http_errors'
/opt/chef/embedded/lib/ruby/gems/2.4.0/gems/chef-13.2.20/lib/chef/http.rb:368:in `send_http_request'
/opt/chef/embedded/lib/ruby/gems/2.4.0/gems/chef-13.2.20/lib/chef/http.rb:149:in `request'
/opt/chef/embedded/lib/ruby/gems/2.4.0/gems/chef-13.2.20/lib/chef/http.rb:131:in `post'
/opt/chef/embedded/lib/ruby/gems/2.4.0/gems/chef-13.2.20/lib/chef/policy_builder/expand_node_object.rb:177:in `sync_cookbooks'
/opt/chef/embedded/lib/ruby/gems/2.4.0/gems/chef-13.2.20/lib/chef/policy_builder/expand_node_object.rb:83:in `setup_run_context'
/opt/chef/embedded/lib/ruby/gems/2.4.0/gems/chef-13.2.20/lib/chef/client.rb:513:in `setup_run_context'
/opt/chef/embedded/lib/ruby/gems/2.4.0/gems/chef-13.2.20/lib/chef/client.rb:281:in `run'
/opt/chef/embedded/lib/ruby/gems/2.4.0/gems/chef-13.2.20/lib/chef/application.rb:291:in `block in fork_chef_client'
/opt/chef/embedded/lib/ruby/gems/2.4.0/gems/chef-13.2.20/lib/chef/application.rb:279:in `fork'
/opt/chef/embedded/lib/ruby/gems/2.4.0/gems/chef-13.2.20/lib/chef/application.rb:279:in `fork_chef_client'
/opt/chef/embedded/lib/ruby/gems/2.4.0/gems/chef-13.2.20/lib/chef/application.rb:244:in `block in run_chef_client'
/opt/chef/embedded/lib/ruby/gems/2.4.0/gems/chef-13.2.20/lib/chef/local_mode.rb:44:in `with_server_connectivity'
/opt/chef/embedded/lib/ruby/gems/2.4.0/gems/chef-13.2.20/lib/chef/application.rb:232:in `run_chef_client'
/opt/chef/embedded/lib/ruby/gems/2.4.0/gems/chef-13.2.20/lib/chef/application/client.rb:469:in `sleep_then_run_chef_client'
/opt/chef/embedded/lib/ruby/gems/2.4.0/gems/chef-13.2.20/lib/chef/application/client.rb:458:in `block in interval_run_chef_client'
/opt/chef/embedded/lib/ruby/gems/2.4.0/gems/chef-13.2.20/lib/chef/application/client.rb:457:in `loop'
/opt/chef/embedded/lib/ruby/gems/2.4.0/gems/chef-13.2.20/lib/chef/application/client.rb:457:in `interval_run_chef_client'
/opt/chef/embedded/lib/ruby/gems/2.4.0/gems/chef-13.2.20/lib/chef/application/client.rb:441:in `run_application'
/opt/chef/embedded/lib/ruby/gems/2.4.0/gems/chef-13.2.20/lib/chef/application.rb:59:in `run'
/opt/chef/embedded/lib/ruby/gems/2.4.0/gems/chef-13.2.20/bin/chef-client:26:in `<top (required)>'
/usr/bin/chef-client:58:in `load'
/usr/bin/chef-client:58:in `<main>'